[INFO  - 2017-01-11T02:57:40.011Z] GhostDriver - Main - running on port 7759
[INFO  - 2017-01-11T02:57:41.185Z] Session [b7a445e0-d7a9-11e6-9d53-7be10db0966d] - page.settings - {"XSSAuditingEnabled":false,"dpi":72,"javascriptCanCloseWindows":true,"javascriptCanOpenWindows":true,"javascriptEnabled":true,"loadImages":true,"localToRemoteUrlAccessEnabled":false,"userAgent":"Mozilla/5.0 (Macintosh; Intel Mac OS X) AppleWebKit/602.1 (KHTML, like Gecko) PhantomJS/2.5.0-development Version/9.0 Safari/602.1","webSecurityEnabled":true}
[INFO  - 2017-01-11T02:57:41.185Z] Session [b7a445e0-d7a9-11e6-9d53-7be10db0966d] - page.customHeaders:  - {}
[INFO  - 2017-01-11T02:57:41.185Z] Session [b7a445e0-d7a9-11e6-9d53-7be10db0966d] - Session.negotiatedCapabilities - {"browserName":"phantomjs","version":"2.5.0","driverName":"ghostdriver","driverVersion":"1.2.0","platform":"mac-10.11 (El Capitan)-64bit","javascriptEnabled":true,"takesScreenshot":true,"handlesAlerts":false,"databaseEnabled":false,"locationContextEnabled":false,"applicationCacheEnabled":false,"browserConnectionEnabled":false,"cssSelectorsEnabled":true,"webStorageEnabled":false,"rotatable":false,"acceptSslCerts":false,"nativeEvents":true,"proxy":{"proxyType":"direct"}}
[INFO  - 2017-01-11T02:57:41.185Z] SessionManagerReqHand - _postNewSessionCommand - New Session Created: b7a445e0-d7a9-11e6-9d53-7be10db0966d
[ERROR - 2017-01-11T02:57:54.847Z] WebElementLocator - _handleLocateCommand - Element(s) NOT Found: GAVE UP. Search Stop Time: 1484103474821
[INFO  - 2017-01-12T01:50:49.117Z] GhostDriver - Main - running on port 33832
[INFO  - 2017-01-12T01:50:49.635Z] Session [8afb75c0-d869-11e6-a251-1b8d75056757] - page.settings - {"XSSAuditingEnabled":false,"javascriptCanCloseWindows":true,"javascriptCanOpenWindows":true,"javascriptEnabled":true,"loadImages":true,"localToRemoteUrlAccessEnabled":false,"userAgent":"Mozilla/5.0 (Macintosh; Intel Mac OS X) AppleWebKit/538.1 (KHTML, like Gecko) PhantomJS/2.1.1 Safari/538.1","webSecurityEnabled":true}
[INFO  - 2017-01-12T01:50:49.635Z] Session [8afb75c0-d869-11e6-a251-1b8d75056757] - page.customHeaders:  - {}
[INFO  - 2017-01-12T01:50:49.635Z] Session [8afb75c0-d869-11e6-a251-1b8d75056757] - Session.negotiatedCapabilities - {"browserName":"phantomjs","version":"2.1.1","driverName":"ghostdriver","driverVersion":"1.2.0","platform":"mac-10.11 (El Capitan)-64bit","javascriptEnabled":true,"takesScreenshot":true,"handlesAlerts":false,"databaseEnabled":false,"locationContextEnabled":false,"applicationCacheEnabled":false,"browserConnectionEnabled":false,"cssSelectorsEnabled":true,"webStorageEnabled":false,"rotatable":false,"acceptSslCerts":false,"nativeEvents":true,"proxy":{"proxyType":"direct"}}
[INFO  - 2017-01-12T01:50:49.635Z] SessionManagerReqHand - _postNewSessionCommand - New Session Created: 8afb75c0-d869-11e6-a251-1b8d75056757
[INFO  - 2017-01-12T01:52:48.095Z] GhostDriver - Main - running on port 12950
[INFO  - 2017-01-12T01:52:49.414Z] Session [d260be20-d869-11e6-ba16-b36b303cfdc6] - page.settings - {"XSSAuditingEnabled":false,"javascriptCanCloseWindows":true,"javascriptCanOpenWindows":true,"javascriptEnabled":true,"loadImages":true,"localToRemoteUrlAccessEnabled":false,"userAgent":"Mozilla/5.0 (Macintosh; Intel Mac OS X) AppleWebKit/538.1 (KHTML, like Gecko) PhantomJS/2.1.1 Safari/538.1","webSecurityEnabled":true}
[INFO  - 2017-01-12T01:52:49.414Z] Session [d260be20-d869-11e6-ba16-b36b303cfdc6] - page.customHeaders:  - {}
[INFO  - 2017-01-12T01:52:49.414Z] Session [d260be20-d869-11e6-ba16-b36b303cfdc6] - Session.negotiatedCapabilities - {"browserName":"phantomjs","version":"2.1.1","driverName":"ghostdriver","driverVersion":"1.2.0","platform":"mac-10.11 (El Capitan)-64bit","javascriptEnabled":true,"takesScreenshot":true,"handlesAlerts":false,"databaseEnabled":false,"locationContextEnabled":false,"applicationCacheEnabled":false,"browserConnectionEnabled":false,"cssSelectorsEnabled":true,"webStorageEnabled":false,"rotatable":false,"acceptSslCerts":false,"nativeEvents":true,"proxy":{"proxyType":"direct"}}
[INFO  - 2017-01-12T01:52:49.414Z] SessionManagerReqHand - _postNewSessionCommand - New Session Created: d260be20-d869-11e6-ba16-b36b303cfdc6
[INFO  - 2017-01-15T02:17:01.717Z] GhostDriver - Main - running on port 21074
[INFO  - 2017-01-15T02:17:02.387Z] Session [b3a813f0-dac8-11e6-8963-d7233f682a21] - page.settings - {"XSSAuditingEnabled":false,"javascriptCanCloseWindows":true,"javascriptCanOpenWindows":true,"javascriptEnabled":true,"loadImages":true,"localToRemoteUrlAccessEnabled":false,"userAgent":"Mozilla/5.0 (Macintosh; Intel Mac OS X) AppleWebKit/538.1 (KHTML, like Gecko) PhantomJS/2.1.1 Safari/538.1","webSecurityEnabled":true}
[INFO  - 2017-01-15T02:17:02.387Z] Session [b3a813f0-dac8-11e6-8963-d7233f682a21] - page.customHeaders:  - {}
[INFO  - 2017-01-15T02:17:02.388Z] Session [b3a813f0-dac8-11e6-8963-d7233f682a21] - Session.negotiatedCapabilities - {"browserName":"phantomjs","version":"2.1.1","driverName":"ghostdriver","driverVersion":"1.2.0","platform":"mac-10.11 (El Capitan)-64bit","javascriptEnabled":true,"takesScreenshot":true,"handlesAlerts":false,"databaseEnabled":false,"locationContextEnabled":false,"applicationCacheEnabled":false,"browserConnectionEnabled":false,"cssSelectorsEnabled":true,"webStorageEnabled":false,"rotatable":false,"acceptSslCerts":false,"nativeEvents":true,"proxy":{"proxyType":"direct"}}
[INFO  - 2017-01-15T02:17:02.388Z] SessionManagerReqHand - _postNewSessionCommand - New Session Created: b3a813f0-dac8-11e6-8963-d7233f682a21
[INFO  - 2017-01-15T02:18:53.583Z] GhostDriver - Main - running on port 15087
[INFO  - 2017-01-15T02:18:54.175Z] Session [f6491d80-dac8-11e6-9729-498bf8b1ea96] - page.settings - {"XSSAuditingEnabled":false,"javascriptCanCloseWindows":true,"javascriptCanOpenWindows":true,"javascriptEnabled":true,"loadImages":true,"localToRemoteUrlAccessEnabled":false,"userAgent":"Mozilla/5.0 (Macintosh; Intel Mac OS X) AppleWebKit/538.1 (KHTML, like Gecko) PhantomJS/2.1.1 Safari/538.1","webSecurityEnabled":true}
[INFO  - 2017-01-15T02:18:54.175Z] Session [f6491d80-dac8-11e6-9729-498bf8b1ea96] - page.customHeaders:  - {}
[INFO  - 2017-01-15T02:18:54.175Z] Session [f6491d80-dac8-11e6-9729-498bf8b1ea96] - Session.negotiatedCapabilities - {"browserName":"phantomjs","version":"2.1.1","driverName":"ghostdriver","driverVersion":"1.2.0","platform":"mac-10.11 (El Capitan)-64bit","javascriptEnabled":true,"takesScreenshot":true,"handlesAlerts":false,"databaseEnabled":false,"locationContextEnabled":false,"applicationCacheEnabled":false,"browserConnectionEnabled":false,"cssSelectorsEnabled":true,"webStorageEnabled":false,"rotatable":false,"acceptSslCerts":false,"nativeEvents":true,"proxy":{"proxyType":"direct"}}
[INFO  - 2017-01-15T02:18:54.175Z] SessionManagerReqHand - _postNewSessionCommand - New Session Created: f6491d80-dac8-11e6-9729-498bf8b1ea96
[INFO  - 2017-01-15T02:23:53.593Z] SessionManagerReqHand - _cleanupWindowlessSessions - Asynchronous Sessions clean-up phase starting NOW
[INFO  - 2017-01-15T02:28:53.604Z] SessionManagerReqHand - _cleanupWindowlessSessions - Asynchronous Sessions clean-up phase starting NOW
